TN:
SF:src\app.js
FN:5,(anonymous_0)
FNF:1
FNH:0
FNDA:0,(anonymous_0)
DA:5,0
DA:6,0
DA:7,0
LF:3
LH:0
BRF:0
BRH:0
end_of_record
TN:
SF:src\reports.js
FN:7,(anonymous_0)
FN:12,(anonymous_1)
FN:49,(anonymous_2)
FN:53,(anonymous_3)
FN:71,initReports
FN:78,updateChart
FNF:6
FNH:4
FNDA:2,(anonymous_0)
FNDA:2,(anonymous_1)
FNDA:3,(anonymous_2)
FNDA:8,(anonymous_3)
FNDA:0,initReports
FNDA:0,updateChart
DA:4,1
DA:8,2
DA:9,2
DA:13,2
DA:14,2
DA:43,2
DA:50,3
DA:51,3
DA:53,3
DA:54,8
DA:55,6
DA:57,8
DA:60,3
DA:61,3
DA:62,3
DA:66,1
DA:72,0
DA:79,0
DA:80,0
LF:19
LH:16
BRDA:54,0,0,6
BRDA:54,0,1,2
BRDA:79,1,0,0
BRDA:79,1,1,0
BRF:4
BRH:2
end_of_record
TN:
SF:src\setupTests.js
FN:3,(anonymous_0)
FN:5,(anonymous_1)
FN:6,(anonymous_2)
FN:7,(anonymous_3)
FNF:4
FNH:0
FNDA:0,(anonymous_0)
FNDA:0,(anonymous_1)
FNDA:0,(anonymous_2)
FNDA:0,(anonymous_3)
DA:3,0
DA:5,0
LF:2
LH:0
BRF:0
BRH:0
end_of_record
TN:
SF:src\storage.js
FN:6,getExpenses
FN:14,saveExpenses
FN:21,addExpense
FNF:3
FNH:3
FNDA:4,getExpenses
FNDA:2,saveExpenses
FNDA:1,addExpense
DA:1,2
DA:7,4
DA:8,4
DA:15,2
DA:22,1
DA:23,1
DA:24,1
LF:7
LH:7
BRDA:8,0,0,2
BRDA:8,0,1,2
BRF:2
BRH:2
end_of_record
TN:
SF:src\ui.js
FN:6,(anonymous_0)
FN:19,(anonymous_1)
FN:20,(anonymous_2)
FN:27,(anonymous_3)
FN:47,(anonymous_4)
FN:49,(anonymous_5)
FN:56,(anonymous_6)
FN:68,(anonymous_7)
FNF:8
FNH:0
FNDA:0,(anonymous_0)
FNDA:0,(anonymous_1)
FNDA:0,(anonymous_2)
FNDA:0,(anonymous_3)
FNDA:0,(anonymous_4)
FNDA:0,(anonymous_5)
FNDA:0,(anonymous_6)
FNDA:0,(anonymous_7)
DA:7,0
DA:8,0
DA:9,0
DA:10,0
DA:11,0
DA:13,0
DA:20,0
DA:21,0
DA:28,0
DA:29,0
DA:30,0
DA:31,0
DA:33,0
DA:34,0
DA:35,0
DA:36,0
DA:37,0
DA:38,0
DA:40,0
DA:48,0
DA:49,0
DA:57,0
DA:58,0
DA:59,0
DA:60,0
DA:61,0
DA:62,0
DA:69,0
DA:70,0
DA:71,0
LF:30
LH:0
BRDA:33,0,0,0
BRDA:33,0,1,0
BRDA:33,1,0,0
BRDA:33,1,1,0
BRDA:33,1,2,0
BRF:5
BRH:0
end_of_record
